0 info it worked if it ends with ok
1 verbose cli [ '/opt/rh/rh-nodejs8/root/usr/bin/node',
1 verbose cli   '/opt/rh/rh-nodejs8/root/usr/bin/npm',
1 verbose cli   'run',
1 verbose cli   'build' ]
2 info using npm@5.6.0
3 info using node@v8.9.4
4 verbose config Skipping project config: /opt/app-root/src/.npmrc. (matches userconfig)
5 verbose run-script [ 'prebuild', 'build', 'postbuild' ]
6 info lifecycle src@1.0.0~prebuild: src@1.0.0
7 info lifecycle src@1.0.0~build: src@1.0.0
8 verbose lifecycle src@1.0.0~build: unsafe-perm in lifecycle true
9 verbose lifecycle src@1.0.0~build: PATH: /opt/rh/rh-nodejs8/root/usr/lib/node_modules/npm/node_modules.bundled/npm-lifecycle/node-gyp-bin:/opt/app-root/src/node_modules/.bin:/opt/rh/rh-nodejs8/root/usr/bin:/opt/app-root/src/node_modules/.bin/:/opt/app-root/src/.npm-global/bin/:/opt/app-root/src/bin:/opt/app-root/bin:/usr/local/sbin:/usr/local/bin:/usr/sbin:/usr/bin:/sbin:/bin
10 verbose lifecycle src@1.0.0~build: CWD: /opt/app-root/src
11 silly lifecycle src@1.0.0~build: Args: [ '-c', 'webpack' ]
12 silly lifecycle src@1.0.0~build: Returned: code: 1  signal: null
13 info lifecycle src@1.0.0~build: Failed to exec build script
14 verbose stack Error: src@1.0.0 build: `webpack`
14 verbose stack Exit status 1
14 verbose stack     at EventEmitter.<anonymous> (/opt/rh/rh-nodejs8/root/usr/lib/node_modules/npm/node_modules.bundled/npm-lifecycle/index.js:285:16)
14 verbose stack     at emitTwo (events.js:126:13)
14 verbose stack     at EventEmitter.emit (events.js:214:7)
14 verbose stack     at ChildProcess.<anonymous> (/opt/rh/rh-nodejs8/root/usr/lib/node_modules/npm/node_modules.bundled/npm-lifecycle/lib/spawn.js:55:14)
14 verbose stack     at emitTwo (events.js:126:13)
14 verbose stack     at ChildProcess.emit (events.js:214:7)
14 verbose stack     at maybeClose (internal/child_process.js:925:16)
14 verbose stack     at Process.ChildProcess._handle.onexit (internal/child_process.js:209:5)
15 verbose pkgid src@1.0.0
16 verbose cwd /opt/app-root/src
17 verbose Linux 4.9.125-linuxkit
18 verbose argv "/opt/rh/rh-nodejs8/root/usr/bin/node" "/opt/rh/rh-nodejs8/root/usr/bin/npm" "run" "build"
19 verbose node v8.9.4
20 verbose npm  v5.6.0
21 error code ELIFECYCLE
22 error errno 1
23 error src@1.0.0 build: `webpack`
23 error Exit status 1
24 error Failed at the src@1.0.0 build script.
24 error This is probably not a problem with npm. There is likely additional logging output above.
25 verbose exit [ 1, true ]
